<?xml version="1.0" encoding="UTF-8"?>
<testsuite name="FlashcardsTest" tests="1" skipped="0" failures="1" errors="0" timestamp="2019-11-18T12:04:41" hostname="DE-MAC-104.zanox.com" time="0.881">
  <properties/>
  <testcase name="start" classname="FlashcardsTest" time="0.881">
    <failure message="java.lang.AssertionError: Exception in test #3&#10;&#10;java.lang.NullPointerException&#10;&#9;at flashcards.CardGame.displayMenu(CardGame.java:25)&#10;&#9;at flashcards.CardGame.startGame(CardGame.java:16)&#10;&#9;at flashcards.Main.main(Main.java:6)&#10;&#10;Below you can see the output of your program during this test&#10;Notice, that '&gt;' symbol means the start of the input:&#10;&#10;Input the action (add, remove, import, export, ask, exit):&#10;&gt;export&#10;Input the action (add, remove, import, export, ask, exit):&#10;&gt;capitals.txt" type="java.lang.AssertionError">java.lang.AssertionError: Exception in test #3

java.lang.NullPointerException
	at flashcards.CardGame.displayMenu(CardGame.java:25)
	at flashcards.CardGame.startGame(CardGame.java:16)
	at flashcards.Main.main(Main.java:6)

Below you can see the output of your program during this test
Notice, that '&gt;' symbol means the start of the input:

Input the action (add, remove, import, export, ask, exit):
&gt;export
Input the action (add, remove, import, export, ask, exit):
&gt;capitals.txt
	at org.junit.Assert.fail(Assert.java:88)
	at org.hyperskill.hstest.v6.stage.BaseStageTest.start(BaseStageTest.java:172)
	at java.base/jdk.internal.reflect.NativeMethodAccessorImpl.invoke0(Native Method)
	at java.base/jdk.internal.reflect.NativeMethodAccessorImpl.invoke(NativeMethodAccessorImpl.java:62)
	at java.base/jdk.internal.reflect.DelegatingMethodAccessorImpl.invoke(DelegatingMethodAccessorImpl.java:43)
	at java.base/java.lang.reflect.Method.invoke(Method.java:566)
	at org.junit.runners.model.FrameworkMethod$1.runReflectiveCall(FrameworkMethod.java:50)
	at org.junit.internal.runners.model.ReflectiveCallable.run(ReflectiveCallable.java:12)
	at org.junit.runners.model.FrameworkMethod.invokeExplosively(FrameworkMethod.java:47)
	at org.junit.internal.runners.statements.InvokeMethod.evaluate(InvokeMethod.java:17)
	at org.junit.runners.ParentRunner.runLeaf(ParentRunner.java:325)
	at org.junit.runners.BlockJUnit4ClassRunner.runChild(BlockJUnit4ClassRunner.java:78)
	at org.junit.runners.BlockJUnit4ClassRunner.runChild(BlockJUnit4ClassRunner.java:57)
	at org.junit.runners.ParentRunner$3.run(ParentRunner.java:290)
	at org.junit.runners.ParentRunner$1.schedule(ParentRunner.java:71)
	at org.junit.runners.ParentRunner.runChildren(ParentRunner.java:288)
	at org.junit.runners.ParentRunner.access$000(ParentRunner.java:58)
	at org.junit.runners.ParentRunner$2.evaluate(ParentRunner.java:268)
	at org.junit.internal.runners.statements.RunBefores.evaluate(RunBefores.java:26)
	at org.junit.runners.ParentRunner.run(ParentRunner.java:363)
	at org.gradle.api.internal.tasks.testing.junit.JUnitTestClassExecutor.runTestClass(JUnitTestClassExecutor.java:110)
	at org.gradle.api.internal.tasks.testing.junit.JUnitTestClassExecutor.execute(JUnitTestClassExecutor.java:58)
	at org.gradle.api.internal.tasks.testing.junit.JUnitTestClassExecutor.execute(JUnitTestClassExecutor.java:38)
	at org.gradle.api.internal.tasks.testing.junit.AbstractJUnitTestClassProcessor.processTestClass(AbstractJUnitTestClassProcessor.java:62)
	at org.gradle.api.internal.tasks.testing.SuiteTestClassProcessor.processTestClass(SuiteTestClassProcessor.java:51)
	at java.base/jdk.internal.reflect.NativeMethodAccessorImpl.invoke0(Native Method)
	at java.base/jdk.internal.reflect.NativeMethodAccessorImpl.invoke(NativeMethodAccessorImpl.java:62)
	at java.base/jdk.internal.reflect.DelegatingMethodAccessorImpl.invoke(DelegatingMethodAccessorImpl.java:43)
	at java.base/java.lang.reflect.Method.invoke(Method.java:566)
	at org.gradle.internal.dispatch.ReflectionDispatch.dispatch(ReflectionDispatch.java:35)
	at org.gradle.internal.dispatch.ReflectionDispatch.dispatch(ReflectionDispatch.java:24)
	at org.gradle.internal.dispatch.ContextClassLoaderDispatch.dispatch(ContextClassLoaderDispatch.java:32)
	at org.gradle.internal.dispatch.ProxyDispatchAdapter$DispatchingInvocationHandler.invoke(ProxyDispatchAdapter.java:93)
	at com.sun.proxy.$Proxy2.processTestClass(Unknown Source)
	at org.gradle.api.internal.tasks.testing.worker.TestWorker.processTestClass(TestWorker.java:118)
	at java.base/jdk.internal.reflect.NativeMethodAccessorImpl.invoke0(Native Method)
	at java.base/jdk.internal.reflect.NativeMethodAccessorImpl.invoke(NativeMethodAccessorImpl.java:62)
	at java.base/jdk.internal.reflect.DelegatingMethodAccessorImpl.invoke(DelegatingMethodAccessorImpl.java:43)
	at java.base/java.lang.reflect.Method.invoke(Method.java:566)
	at org.gradle.internal.dispatch.ReflectionDispatch.dispatch(ReflectionDispatch.java:35)
	at org.gradle.internal.dispatch.ReflectionDispatch.dispatch(ReflectionDispatch.java:24)
	at org.gradle.internal.remote.internal.hub.MessageHubBackedObjectConnection$DispatchWrapper.dispatch(MessageHubBackedObjectConnection.java:175)
	at org.gradle.internal.remote.internal.hub.MessageHubBackedObjectConnection$DispatchWrapper.dispatch(MessageHubBackedObjectConnection.java:157)
	at org.gradle.internal.remote.internal.hub.MessageHub$Handler.run(MessageHub.java:404)
	at org.gradle.internal.concurrent.ExecutorPolicy$CatchAndRecordFailures.onExecute(ExecutorPolicy.java:63)
	at org.gradle.internal.concurrent.ManagedExecutorImpl$1.run(ManagedExecutorImpl.java:46)
	at java.base/java.util.concurrent.ThreadPoolExecutor.runWorker(ThreadPoolExecutor.java:1128)
	at java.base/java.util.concurrent.ThreadPoolExecutor$Worker.run(ThreadPoolExecutor.java:628)
	at org.gradle.internal.concurrent.ThreadFactoryImpl$ManagedThreadRunnable.run(ThreadFactoryImpl.java:55)
	at java.base/java.lang.Thread.run(Thread.java:834)
</failure>
  </testcase>
  <system-out><![CDATA[?[1;31m
Start test 1?[0m
Input the action (add, remove, import, export, ask, exit):
>add
The card:
>black
The definition of the card:
>white
The pair ("black":"white") has been added.
Input the action (add, remove, import, export, ask, exit):
>add
The card:
>black
The card "black" already exists.
Input the action (add, remove, import, export, ask, exit):
>add
The card:
>red
The definition of the card:
>white
The definition "white" already exists.
Input the action (add, remove, import, export, ask, exit):
>ask
How many times?
>2
Print the definition of "black":
>white
Correct answer.
Print the definition of "black":
>green
Wrong answer. The correct one is "white".
Input the action (add, remove, import, export, ask, exit):
>exit
Bye bye!
?[1;31m
Start test 2?[0m
Input the action (add, remove, import, export, ask, exit):
>add
The card:
>a brother of one's parent
The definition of the card:
>uncle
The pair ("a brother of one's parent":"uncle") has been added.
Input the action (add, remove, import, export, ask, exit):
>add
The card:
>a part of the body where the foot and the leg meet
The definition of the card:
>ankle
The pair ("a part of the body where the foot and the leg meet":"ankle") has been added.
Input the action (add, remove, import, export, ask, exit):
>ask
How many times?
>6
Print the definition of "a part of the body where the foot and the leg meet":
>ankle
Correct answer.
Print the definition of "a part of the body where the foot and the leg meet":
>??
Wrong answer. The correct one is "ankle".
Print the definition of "a part of the body where the foot and the leg meet":
>uncle
Wrong answer. The correct one is "ankle", you've just written the definition of "a brother of one's parent".
Print the definition of "a part of the body where the foot and the leg meet":
>ankle
Correct answer.
Print the definition of "a part of the body where the foot and the leg meet":
>??
Wrong answer. The correct one is "ankle".
Print the definition of "a brother of one's parent":
>uncle
Correct answer.
Input the action (add, remove, import, export, ask, exit):
>exit
Bye bye!
?[1;31m
Start test 3?[0m
Input the action (add, remove, import, export, ask, exit):
>export
Input the action (add, remove, import, export, ask, exit):
>capitals.txt
]]></system-out>
  <system-err><![CDATA[]]></system-err>
</testsuite>
